[25708:14636:0528/172928.703:INFO:components\enterprise\browser\controller\chrome_browser_cloud_management_controller.cc:202] No machine level policy manager exists.
[25708:14636:0528/172928.737:WARNING:chrome\browser\extensions\extension_service.cc:359] --load-extension is not allowed in Google Chrome, ignoring.
[26976:13840:0528/172928.878:WARNING:ui\gl\direct_composition_support.cc:1159] IDCompositionTexture is not supported without fences.
[25708:10984:0528/172928.931:WARNING:components\leveldb_proto\internal\leveldb_database.cc:137] Unable to open C:\Users\DESKTOP\Desktop\COISAS ALEATÓRIAS\Programas PY\Slide de Resultados Automático\ngs-automatica\cache\Default\shared_proto_db\metadata: IO error: C:\Users\DESKTOP\Desktop\COISAS ALEATÓRIAS\Programas PY\Slide de Resultados Automático\ngs-automatica\cache\Default\shared_proto_db\metadata/MANIFEST-000001: Unable to create sequential file (ChromeMethodBFE: 7::NewSequentialFile::1)
[25708:10984:0528/172928.937:WARNING:components\leveldb_proto\internal\leveldb_database.cc:137] Unable to open C:\Users\DESKTOP\Desktop\COISAS ALEATÓRIAS\Programas PY\Slide de Resultados Automático\ngs-automatica\cache\Default\shared_proto_db\metadata: IO error: C:\Users\DESKTOP\Desktop\COISAS ALEATÓRIAS\Programas PY\Slide de Resultados Automático\ngs-automatica\cache\Default\shared_proto_db\metadata/MANIFEST-000001: Unable to create sequential file (ChromeMethodBFE: 7::NewSequentialFile::1)
[25708:10984:0528/172928.942:WARNING:components\leveldb_proto\internal\leveldb_database.cc:137] Unable to open C:\Users\DESKTOP\Desktop\COISAS ALEATÓRIAS\Programas PY\Slide de Resultados Automático\ngs-automatica\cache\Default\shared_proto_db\metadata: IO error: C:\Users\DESKTOP\Desktop\COISAS ALEATÓRIAS\Programas PY\Slide de Resultados Automático\ngs-automatica\cache\Default\shared_proto_db\metadata/MANIFEST-000001: Unable to create sequential file (ChromeMethodBFE: 7::NewSequentialFile::1)
[25708:10984:0528/172928.946:WARNING:components\leveldb_proto\internal\leveldb_database.cc:137] Unable to open C:\Users\DESKTOP\Desktop\COISAS ALEATÓRIAS\Programas PY\Slide de Resultados Automático\ngs-automatica\cache\Default\shared_proto_db\metadata: IO error: C:\Users\DESKTOP\Desktop\COISAS ALEATÓRIAS\Programas PY\Slide de Resultados Automático\ngs-automatica\cache\Default\shared_proto_db\metadata/MANIFEST-000001: Unable to create sequential file (ChromeMethodBFE: 7::NewSequentialFile::1)
[25708:6988:0528/172928.963:WARNING:components\value_store\value_store_frontend.cc:47] Reading ahfgeienlihckogmohjhadlkjgocpleb.alarms from  failed: IO error: .../MANIFEST-000001: Unable to create sequential file (ChromeMethodBFE: 7::NewSequentialFile::1)
[25708:6988:0528/172928.966:WARNING:components\value_store\value_store_frontend.cc:47] Reading mhjfbmdgcfjbbpaeojofohoefgiehjai.alarms from  failed: IO error: .../MANIFEST-000001: Unable to create sequential file (ChromeMethodBFE: 7::NewSequentialFile::1)
[26976:27920:0528/172929.061:ERROR:ui\gl\direct_composition_support.cc:879] CheckFormatSupport failed: Erro não especificado (0x80004005)
[25708:14636:0528/172929.919:INFO:CONSOLE:18] "BSSO Telemetry: {"result":"Error","error":"NoExtension","type":"ChromeSsoTelemetry","data":{},"traces":["BrowserSSO Initialized","Creating ChromeBrowserCore provider","Sending message for method CreateProviderAsync","Received message for method CreateProviderAsync","Error: ChromeBrowserCore error NoExtension: Extension is not installed."]}", source: https://aadcdn.msftauth.net/shared/1.0/content/js/BssoInterrupt_Core_bazYuVH6rF7OQmuNhACwPg2.js (18)
[25708:6988:0528/172932.073:ERROR:content\browser\indexed_db\instance\leveldb\backing_store.cc:225] Failed to open LevelDB database from C:\Users\DESKTOP\Desktop\COISAS ALEATÓRIAS\Programas PY\Slide de Resultados Automático\ngs-automatica\cache\Default\IndexedDB\https_app.powerbi.com_0.indexeddb.leveldb,IO error: C:\Users\DESKTOP\Desktop\COISAS ALEATÓRIAS\Programas PY\Slide de Resultados Automático\ngs-automatica\cache\Default\IndexedDB\https_app.powerbi.com_0.indexeddb.leveldb/MANIFEST-000001: Unable to create sequential file (ChromeMethodBFE: 7::NewSequentialFile::1)
[25708:6988:0528/172932.081:ERROR:content\browser\indexed_db\instance\leveldb\backing_store.cc:225] Failed to open LevelDB database from C:\Users\DESKTOP\Desktop\COISAS ALEATÓRIAS\Programas PY\Slide de Resultados Automático\ngs-automatica\cache\Default\IndexedDB\https_app.powerbi.com_0.indexeddb.leveldb,IO error: C:\Users\DESKTOP\Desktop\COISAS ALEATÓRIAS\Programas PY\Slide de Resultados Automático\ngs-automatica\cache\Default\IndexedDB\https_app.powerbi.com_0.indexeddb.leveldb/MANIFEST-000001: Unable to create sequential file (ChromeMethodBFE: 7::NewSequentialFile::1)
[25708:6988:0528/172945.916:ERROR:content\browser\indexed_db\instance\leveldb\backing_store.cc:225] Failed to open LevelDB database from C:\Users\DESKTOP\Desktop\COISAS ALEATÓRIAS\Programas PY\Slide de Resultados Automático\ngs-automatica\cache\Default\IndexedDB\https_app.powerbi.com_0.indexeddb.leveldb,IO error: C:\Users\DESKTOP\Desktop\COISAS ALEATÓRIAS\Programas PY\Slide de Resultados Automático\ngs-automatica\cache\Default\IndexedDB\https_app.powerbi.com_0.indexeddb.leveldb/MANIFEST-000001: Unable to create sequential file (ChromeMethodBFE: 7::NewSequentialFile::1)
[25708:6988:0528/172945.924:ERROR:content\browser\indexed_db\instance\leveldb\backing_store.cc:225] Failed to open LevelDB database from C:\Users\DESKTOP\Desktop\COISAS ALEATÓRIAS\Programas PY\Slide de Resultados Automático\ngs-automatica\cache\Default\IndexedDB\https_app.powerbi.com_0.indexeddb.leveldb,IO error: C:\Users\DESKTOP\Desktop\COISAS ALEATÓRIAS\Programas PY\Slide de Resultados Automático\ngs-automatica\cache\Default\IndexedDB\https_app.powerbi.com_0.indexeddb.leveldb/MANIFEST-000001: Unable to create sequential file (ChromeMethodBFE: 7::NewSequentialFile::1)
[15908:1712:0528/172952.768:WARNING:net\spdy\spdy_session.cc:3054] Received HEADERS for invalid stream 221
[25708:14636:0528/172953.008:INFO:CONSOLE:12] "Deprecation warning: moment().add(period, number) is deprecated. Please use moment().add(number, period). See http://momentjs.com/guides/#/warnings/add-inverted-param/ for more info.", source: https://novobi.webdentalsolucoes.io/scripts.5d8fcc4a85a12feee84c.bundle.js (12)
[25708:14636:0528/172953.050:INFO:CONSOLE:0] "[DOM] Input elements should have autocomplete attributes (suggested: "current-password"): (More info: https://goo.gl/9p2vKq) %o", source: https://novobi.webdentalsolucoes.io/pages/login (0)
[25708:14636:0528/172955.460:INFO:CONSOLE:1] "AUTH [object Object]", source: https://novobi.webdentalsolucoes.io/main.09dddbbe00ef667d0363.bundle.js (1)
[25708:14636:0528/172955.460:INFO:CONSOLE:1] "AUTH TOKEN eyJ0eXAiOiJKV1QiLCJhbGciOiJIUzI1NiJ9.eyJzdWIiOm51bGwsImlzcyI6Imh0dHA6Ly9hcGliaS53ZWJkZW50YWxzb2x1Y29lcy5pby9hcGkvYXV0ZW50aWNhciIsImlhdCI6MTc0ODQ2NDE5NSwiZXhwIjoxNzQ4NTUwNTk1LCJuYmYiOjE3NDg0NjQxOTUsImp0aSI6Inl4cDRzcXBXVDFhQ25DeW0ifQ.QyE94CIFN5GCXA-FRzooW4RZAXryD8FowvekuBwx4K4", source: https://novobi.webdentalsolucoes.io/main.09dddbbe00ef667d0363.bundle.js (1)
[25708:14636:0528/172955.463:INFO:CONSOLE:1] "Antes dash", source: https://novobi.webdentalsolucoes.io/4.fae67a08b2ea95292901.chunk.js (1)
[25708:14636:0528/172955.465:INFO:CONSOLE:1] "Passa dash", source: https://novobi.webdentalsolucoes.io/4.fae67a08b2ea95292901.chunk.js (1)
[25708:14636:0528/172955.536:INFO:CONSOLE:1] "Init dashboard component", source: https://novobi.webdentalsolucoes.io/main.09dddbbe00ef667d0363.bundle.js (1)
[25708:14636:0528/172955.569:INFO:CONSOLE:1] "Uncaught ReferenceError: pagespeed is not defined", source: https://novobi.webdentalsolucoes.io/dashboard (1)
[25708:14636:0528/172955.569:INFO:CONSOLE:1] "Uncaught ReferenceError: pagespeed is not defined", source: https://novobi.webdentalsolucoes.io/dashboard (1)
[25708:14636:0528/172956.199:INFO:CONSOLE:12] "Deprecation warning: moment().add(period, number) is deprecated. Please use moment().add(number, period). See http://momentjs.com/guides/#/warnings/add-inverted-param/ for more info.", source: https://novobi.webdentalsolucoes.io/scripts.5d8fcc4a85a12feee84c.bundle.js (12)
[25708:14636:0528/172956.288:INFO:CONSOLE:1] "Uncaught ReferenceError: pagespeed is not defined", source: https://novobi.webdentalsolucoes.io/indicador/finan_caixa_total (1)
[25708:14636:0528/172956.288:INFO:CONSOLE:1] "Uncaught ReferenceError: pagespeed is not defined", source: https://novobi.webdentalsolucoes.io/indicador/finan_caixa_total (1)
[25708:14636:0528/173001.405:INFO:CONSOLE:12] "Deprecation warning: moment().add(period, number) is deprecated. Please use moment().add(number, period). See http://momentjs.com/guides/#/warnings/add-inverted-param/ for more info.", source: https://novobi.webdentalsolucoes.io/scripts.5d8fcc4a85a12feee84c.bundle.js (12)
[25708:14636:0528/173001.480:INFO:CONSOLE:1] "Uncaught ReferenceError: pagespeed is not defined", source: https://novobi.webdentalsolucoes.io/indicador/finan_total_efetivacoes (1)
[25708:14636:0528/173001.480:INFO:CONSOLE:1] "Uncaught ReferenceError: pagespeed is not defined", source: https://novobi.webdentalsolucoes.io/indicador/finan_total_efetivacoes (1)
[25708:14636:0528/173006.555:INFO:CONSOLE:12] "Deprecation warning: moment().add(period, number) is deprecated. Please use moment().add(number, period). See http://momentjs.com/guides/#/warnings/add-inverted-param/ for more info.", source: https://novobi.webdentalsolucoes.io/scripts.5d8fcc4a85a12feee84c.bundle.js (12)
[25708:14636:0528/173006.601:INFO:CONSOLE:1] "Uncaught ReferenceError: pagespeed is not defined", source: https://novobi.webdentalsolucoes.io/indicador/pacientes_cadastrados (1)
[25708:14636:0528/173006.601:INFO:CONSOLE:1] "Uncaught ReferenceError: pagespeed is not defined", source: https://novobi.webdentalsolucoes.io/indicador/pacientes_cadastrados (1)
[25708:14636:0528/173011.734:INFO:CONSOLE:12] "Deprecation warning: moment().add(period, number) is deprecated. Please use moment().add(number, period). See http://momentjs.com/guides/#/warnings/add-inverted-param/ for more info.", source: https://novobi.webdentalsolucoes.io/scripts.5d8fcc4a85a12feee84c.bundle.js (12)
[25708:14636:0528/173011.791:INFO:CONSOLE:1] "Uncaught ReferenceError: pagespeed is not defined", source: https://novobi.webdentalsolucoes.io/indicador/finan_total_ticketmedio (1)
[25708:14636:0528/173011.791:INFO:CONSOLE:1] "Uncaught ReferenceError: pagespeed is not defined", source: https://novobi.webdentalsolucoes.io/indicador/finan_total_ticketmedio (1)
[15908:23344:0528/173016.818:WARNING:net\extras\sqlite\sqlite_persistent_store_backend_base.cc:176] Failed to post task from FlushAndNotifyInBackground@net\extras\sqlite\sqlite_persistent_store_backend_base.cc:226 to client_task_runner_.
[15908:23344:0528/173016.819:WARNING:net\extras\sqlite\sqlite_persistent_store_backend_base.cc:176] Failed to post task from FlushAndNotifyInBackground@net\extras\sqlite\sqlite_persistent_store_backend_base.cc:226 to client_task_runner_.
